0 info it worked if it ends with ok
1 verbose cli [ '/Users/Bfriedman/.nvm/versions/node/v6.11.1/bin/node',
1 verbose cli   '/Users/Bfriedman/.nvm/versions/node/v6.11.1/bin/npm',
1 verbose cli   'install' ]
2 info using npm@3.10.10
3 info using node@v6.11.1
4 silly loadCurrentTree Starting
5 silly install loadCurrentTree
6 silly install readLocalPackageData
7 silly install normalizeTree
8 silly loadCurrentTree Finishing
9 silly loadIdealTree Starting
10 silly install loadIdealTree
11 silly cloneCurrentTree Starting
12 silly install cloneCurrentTreeToIdealTree
13 silly cloneCurrentTree Finishing
14 silly loadShrinkwrap Starting
15 silly install loadShrinkwrap
16 silly loadShrinkwrap Finishing
17 silly loadAllDepsIntoIdealTree Starting
18 silly install loadAllDepsIntoIdealTree
19 silly fetchNamedPackageData tree-sitter-cli
20 silly mapToRegistry name tree-sitter-cli
21 silly mapToRegistry using default registry
22 silly mapToRegistry registry https://registry.npmjs.org/
23 silly mapToRegistry data Result {
23 silly mapToRegistry   raw: 'tree-sitter-cli',
23 silly mapToRegistry   scope: null,
23 silly mapToRegistry   escapedName: 'tree-sitter-cli',
23 silly mapToRegistry   name: 'tree-sitter-cli',
23 silly mapToRegistry   rawSpec: '',
23 silly mapToRegistry   spec: 'latest',
23 silly mapToRegistry   type: 'tag' }
24 silly mapToRegistry uri https://registry.npmjs.org/tree-sitter-cli
25 verbose request uri https://registry.npmjs.org/tree-sitter-cli
26 verbose request no auth needed
27 info attempt registry request try #1 at 11:55:57 PM
28 verbose request using bearer token for auth
29 verbose request id a7f3406916ff8c7d
30 verbose etag W/"5b6610005d5066efe09e7f4c9b9368d7"
31 verbose lastModified Tue, 09 Mar 2021 17:36:57 GMT
32 http request GET https://registry.npmjs.org/tree-sitter-cli
33 http 304 https://registry.npmjs.org/tree-sitter-cli
34 verbose headers { date: 'Thu, 18 Mar 2021 06:55:57 GMT',
34 verbose headers   connection: 'keep-alive',
34 verbose headers   'set-cookie': [ '__cfduid=d960384d4962b55b5499e681a46136a041616050557; expires=Sat, 17-Apr-21 06:55:57 GMT; path=/; domain=.npmjs.org; HttpOnly; SameSite=Lax' ],
34 verbose headers   'cf-ray': '631c8ef2df36dc59-SEA',
34 verbose headers   age: '2816',
34 verbose headers   'cache-control': 'public, max-age=300',
34 verbose headers   etag: '"5b6610005d5066efe09e7f4c9b9368d7"',
34 verbose headers   'last-modified': 'Tue, 09 Mar 2021 17:36:57 GMT',
34 verbose headers   vary: 'Accept-Encoding',
34 verbose headers   'cf-cache-status': 'HIT',
34 verbose headers   'cf-request-id': '08e5b7abc80000dc590a072000000001',
34 verbose headers   'expect-ct': 'max-age=604800, report-uri="https://report-uri.cloudflare.com/cdn-cgi/beacon/expect-ct"',
34 verbose headers   server: 'cloudflare' }
35 silly get cb [ 304,
35 silly get   { date: 'Thu, 18 Mar 2021 06:55:57 GMT',
35 silly get     connection: 'keep-alive',
35 silly get     'set-cookie': [ '__cfduid=d960384d4962b55b5499e681a46136a041616050557; expires=Sat, 17-Apr-21 06:55:57 GMT; path=/; domain=.npmjs.org; HttpOnly; SameSite=Lax' ],
35 silly get     'cf-ray': '631c8ef2df36dc59-SEA',
35 silly get     age: '2816',
35 silly get     'cache-control': 'public, max-age=300',
35 silly get     etag: '"5b6610005d5066efe09e7f4c9b9368d7"',
35 silly get     'last-modified': 'Tue, 09 Mar 2021 17:36:57 GMT',
35 silly get     vary: 'Accept-Encoding',
35 silly get     'cf-cache-status': 'HIT',
35 silly get     'cf-request-id': '08e5b7abc80000dc590a072000000001',
35 silly get     'expect-ct': 'max-age=604800, report-uri="https://report-uri.cloudflare.com/cdn-cgi/beacon/expect-ct"',
35 silly get     server: 'cloudflare' } ]
36 verbose etag https://registry.npmjs.org/tree-sitter-cli from cache
37 verbose get saving tree-sitter-cli to /Users/Bfriedman/.npm/registry.npmjs.org/tree-sitter-cli/.cache.json
38 verbose correctMkdir /Users/Bfriedman/.npm correctMkdir not in flight; initializing
39 silly resolveWithNewModule tree-sitter-cli@0.17.1 checking installable status
40 silly cache add args [ 'tree-sitter-cli@0.17.1', null ]
41 verbose cache add spec tree-sitter-cli@0.17.1
42 silly cache add parsed spec Result {
42 silly cache add   raw: 'tree-sitter-cli@0.17.1',
42 silly cache add   scope: null,
42 silly cache add   escapedName: 'tree-sitter-cli',
42 silly cache add   name: 'tree-sitter-cli',
42 silly cache add   rawSpec: '0.17.1',
42 silly cache add   spec: '0.17.1',
42 silly cache add   type: 'version' }
43 silly addNamed tree-sitter-cli@0.17.1
44 verbose addNamed "0.17.1" is a plain semver version for tree-sitter-cli
45 silly mapToRegistry name tree-sitter-cli
46 silly mapToRegistry using default registry
47 silly mapToRegistry registry https://registry.npmjs.org/
48 silly mapToRegistry data Result {
48 silly mapToRegistry   raw: 'tree-sitter-cli',
48 silly mapToRegistry   scope: null,
48 silly mapToRegistry   escapedName: 'tree-sitter-cli',
48 silly mapToRegistry   name: 'tree-sitter-cli',
48 silly mapToRegistry   rawSpec: '',
48 silly mapToRegistry   spec: 'latest',
48 silly mapToRegistry   type: 'tag' }
49 silly mapToRegistry uri https://registry.npmjs.org/tree-sitter-cli
50 verbose addNameVersion registry:https://registry.npmjs.org/tree-sitter-cli not in flight; fetching
51 verbose get https://registry.npmjs.org/tree-sitter-cli not expired, no request
52 silly mapToRegistry name tree-sitter-cli
53 silly mapToRegistry using default registry
54 silly mapToRegistry registry https://registry.npmjs.org/
55 silly mapToRegistry data Result {
55 silly mapToRegistry   raw: 'tree-sitter-cli',
55 silly mapToRegistry   scope: null,
55 silly mapToRegistry   escapedName: 'tree-sitter-cli',
55 silly mapToRegistry   name: 'tree-sitter-cli',
55 silly mapToRegistry   rawSpec: '',
55 silly mapToRegistry   spec: 'latest',
55 silly mapToRegistry   type: 'tag' }
56 silly mapToRegistry uri https://registry.npmjs.org/tree-sitter-cli
57 verbose addRemoteTarball https://registry.npmjs.org/tree-sitter-cli/-/tree-sitter-cli-0.17.1.tgz not in flight; adding
58 verbose addRemoteTarball [ 'https://registry.npmjs.org/tree-sitter-cli/-/tree-sitter-cli-0.17.1.tgz',
58 verbose addRemoteTarball   'd4dcb6bbd5ee21e9fbdc3e91d2e0af4fceb5c732' ]
59 info retry fetch attempt 1 at 11:55:57 PM
60 info attempt registry request try #1 at 11:55:57 PM
61 http fetch GET https://registry.npmjs.org/tree-sitter-cli/-/tree-sitter-cli-0.17.1.tgz
62 verbose request using bearer token for auth
63 http fetch 200 https://registry.npmjs.org/tree-sitter-cli/-/tree-sitter-cli-0.17.1.tgz
64 silly fetchAndShaCheck shasum d4dcb6bbd5ee21e9fbdc3e91d2e0af4fceb5c732
65 verbose addTmpTarball /var/folders/d7/n9hmn7f97152d4tmcypzh8780000gn/T/npm-89262-5d40e721/registry.npmjs.org/tree-sitter-cli/-/tree-sitter-cli-0.17.1.tgz not in flight; adding
66 verbose addTmpTarball already have metadata; skipping unpack for tree-sitter-cli@0.17.1
67 verbose correctMkdir /Users/Bfriedman/.npm correctMkdir not in flight; initializing
68 silly cache afterAdd tree-sitter-cli@0.17.1
69 verbose afterAdd /Users/Bfriedman/.npm/tree-sitter-cli/0.17.1/package/package.json not in flight; writing
70 verbose correctMkdir /Users/Bfriedman/.npm correctMkdir not in flight; initializing
71 verbose afterAdd /Users/Bfriedman/.npm/tree-sitter-cli/0.17.1/package/package.json written
72 silly loadAllDepsIntoIdealTree Finishing
73 silly loadIdealTree Finishing
74 silly currentTree tree-sitter-bogl@0.3.9
74 silly currentTree ├── nan@2.14.1
74 silly currentTree └── tree-sitter-cli@0.19.3
75 silly idealTree tree-sitter-bogl@0.3.9
75 silly idealTree ├── nan@2.14.1
75 silly idealTree └── tree-sitter-cli@0.17.1
76 silly generateActionsToTake Starting
77 silly install generateActionsToTake
78 silly generateActionsToTake Finishing
79 silly diffTrees action count 1
80 silly diffTrees update tree-sitter-cli@0.17.1
81 silly decomposeActions action count 9
82 silly decomposeActions remove tree-sitter-cli@0.17.1
83 silly decomposeActions fetch tree-sitter-cli@0.17.1
84 silly decomposeActions extract tree-sitter-cli@0.17.1
85 silly decomposeActions test tree-sitter-cli@0.17.1
86 silly decomposeActions preinstall tree-sitter-cli@0.17.1
87 silly decomposeActions build tree-sitter-cli@0.17.1
88 silly decomposeActions install tree-sitter-cli@0.17.1
89 silly decomposeActions postinstall tree-sitter-cli@0.17.1
90 silly decomposeActions finalize tree-sitter-cli@0.17.1
91 silly runTopLevelLifecycles Starting
92 silly install runPreinstallTopLevelLifecycles
93 silly preinstall tree-sitter-bogl@0.3.9 /Users/Bfriedman/OSU/Capstone/tree-sitter-bogl/tree-sitter-bogl-c6e39987
94 info lifecycle tree-sitter-bogl@0.3.9~preinstall: tree-sitter-bogl@0.3.9
95 silly lifecycle tree-sitter-bogl@0.3.9~preinstall: no script for preinstall, continuing
96 silly executeActions Starting
97 silly install executeActions
98 silly doSerial global-install 0
99 silly doParallel fetch 1
100 verbose correctMkdir /Users/Bfriedman/.npm/_locks correctMkdir not in flight; initializing
101 verbose lock using /Users/Bfriedman/.npm/_locks/staging-e5ac7bf199de5645.lock for /Users/Bfriedman/OSU/Capstone/tree-sitter-bogl/node_modules/.staging
102 silly doParallel extract 1
103 silly extract tree-sitter-cli@0.17.1
104 verbose unbuild node_modules/.staging/tree-sitter-cli-9e787d94
105 silly gentlyRm /Users/Bfriedman/OSU/Capstone/tree-sitter-bogl/node_modules/.staging/tree-sitter-cli-9e787d94 is being purged from base /Users/Bfriedman/OSU/Capstone/tree-sitter-bogl
106 verbose gentlyRm don't care about contents; nuking /Users/Bfriedman/OSU/Capstone/tree-sitter-bogl/node_modules/.staging/tree-sitter-cli-9e787d94
107 verbose tar unpack /Users/Bfriedman/.npm/tree-sitter-cli/0.17.1/package.tgz
108 verbose tar unpacking to /Users/Bfriedman/OSU/Capstone/tree-sitter-bogl/node_modules/.staging/tree-sitter-cli-9e787d94
109 silly gentlyRm /Users/Bfriedman/OSU/Capstone/tree-sitter-bogl/node_modules/.staging/tree-sitter-cli-9e787d94 is being purged
110 verbose gentlyRm don't care about contents; nuking /Users/Bfriedman/OSU/Capstone/tree-sitter-bogl/node_modules/.staging/tree-sitter-cli-9e787d94
111 silly gunzTarPerm modes [ '755', '644' ]
112 silly gunzTarPerm extractEntry cli.js
113 silly gunzTarPerm extractEntry install.js
114 silly gunzTarPerm extractEntry package.json
115 silly gunzTarPerm extractEntry dsl.d.ts
116 silly gentlyRm /Users/Bfriedman/OSU/Capstone/tree-sitter-bogl/node_modules/.staging/tree-sitter-cli-9e787d94/node_modules is being purged
117 verbose gentlyRm don't care about contents; nuking /Users/Bfriedman/OSU/Capstone/tree-sitter-bogl/node_modules/.staging/tree-sitter-cli-9e787d94/node_modules
118 silly doParallel preinstall 1
119 silly preinstall tree-sitter-cli@0.17.1 /Users/Bfriedman/OSU/Capstone/tree-sitter-bogl/node_modules/.staging/tree-sitter-cli-9e787d94
120 info lifecycle tree-sitter-cli@0.17.1~preinstall: tree-sitter-cli@0.17.1
121 silly lifecycle tree-sitter-cli@0.17.1~preinstall: no script for preinstall, continuing
122 silly doReverseSerial remove 1
123 silly remove /Users/Bfriedman/OSU/Capstone/tree-sitter-bogl/node_modules/tree-sitter-cli
124 verbose unbuild node_modules/tree-sitter-cli
125 info lifecycle tree-sitter-cli@0.19.3~preuninstall: tree-sitter-cli@0.19.3
126 silly lifecycle tree-sitter-cli@0.19.3~preuninstall: no script for preuninstall, continuing
127 info lifecycle tree-sitter-cli@0.19.3~uninstall: tree-sitter-cli@0.19.3
128 silly lifecycle tree-sitter-cli@0.19.3~uninstall: no script for uninstall, continuing
129 verbose unbuild rmStuff tree-sitter-cli@0.19.3 from /Users/Bfriedman/OSU/Capstone/tree-sitter-bogl/node_modules
130 silly gentlyRm /Users/Bfriedman/OSU/Capstone/tree-sitter-bogl/node_modules/.bin/tree-sitter is being gently removed from base /Users/Bfriedman/OSU/Capstone/tree-sitter-bogl/node_modules/tree-sitter-cli
131 silly isEverInside /Users/Bfriedman/OSU/Capstone/tree-sitter-bogl/node_modules/.bin/tree-sitter is not inside /Users/Bfriedman/OSU/Capstone/tree-sitter-bogl/node_modules/tree-sitter-cli
132 silly gentlyRm parent.path = /Users/Bfriedman/OSU/Capstone/tree-sitter-bogl/node_modules/tree-sitter-cli
133 silly gentlyRm parent.managed = /Users/Bfriedman/OSU/Capstone/tree-sitter-bogl/node_modules/tree-sitter-cli is in /Users/Bfriedman/OSU/Capstone/tree-sitter-bogl
134 silly gentlyRm target.path =  /Users/Bfriedman/OSU/Capstone/tree-sitter-bogl/node_modules/.bin/tree-sitter
135 silly gentlyRm target.symlink = ../tree-sitter-cli/cli.js
136 silly gentlyRm target.managed = /Users/Bfriedman/OSU/Capstone/tree-sitter-bogl/node_modules/.bin/tree-sitter is in /Users/Bfriedman/OSU/Capstone/tree-sitter-bogl
137 silly gentlyRm target.inParent =  { target: '/Users/Bfriedman/OSU/Capstone/tree-sitter-bogl/node_modules/tree-sitter-cli/cli.js',
137 silly gentlyRm   path: '/Users/Bfriedman/OSU/Capstone/tree-sitter-bogl/node_modules/tree-sitter-cli' }
138 verbose gentlyRm Vacuuming /Users/Bfriedman/OSU/Capstone/tree-sitter-bogl/node_modules/.bin/tree-sitter up to /Users/Bfriedman/OSU/Capstone/tree-sitter-bogl/node_modules/.bin
139 silly vacuum-fs removing /Users/Bfriedman/OSU/Capstone/tree-sitter-bogl/node_modules/.bin/tree-sitter
140 silly vacuum-fs finished vacuuming up to /Users/Bfriedman/OSU/Capstone/tree-sitter-bogl/node_modules/.bin
141 info lifecycle tree-sitter-cli@0.19.3~postuninstall: tree-sitter-cli@0.19.3
142 silly lifecycle tree-sitter-cli@0.19.3~postuninstall: no script for postuninstall, continuing
143 silly gentlyRm /Users/Bfriedman/OSU/Capstone/tree-sitter-bogl/node_modules/tree-sitter-cli is being purged from base /Users/Bfriedman/OSU/Capstone/tree-sitter-bogl
144 verbose gentlyRm don't care about contents; nuking /Users/Bfriedman/OSU/Capstone/tree-sitter-bogl/node_modules/tree-sitter-cli
145 silly vacuum-fs purging /Users/Bfriedman/OSU/Capstone/tree-sitter-bogl/node_modules/tree-sitter-cli
146 silly vacuum-fs quitting because other entries in /Users/Bfriedman/OSU/Capstone/tree-sitter-bogl/node_modules
147 silly doSerial move 0
148 silly doSerial finalize 1
149 silly finalize /Users/Bfriedman/OSU/Capstone/tree-sitter-bogl/node_modules/tree-sitter-cli
150 silly doSerial build 1
151 silly build tree-sitter-cli@0.17.1
152 info linkStuff tree-sitter-cli@0.17.1
153 silly linkStuff tree-sitter-cli@0.17.1 has /Users/Bfriedman/OSU/Capstone/tree-sitter-bogl/node_modules as its parent node_modules
154 verbose linkBins tree-sitter-cli@0.17.1
155 verbose link bins [ { 'tree-sitter': 'cli.js' },
155 verbose link bins   '/Users/Bfriedman/OSU/Capstone/tree-sitter-bogl/node_modules/.bin',
155 verbose link bins   false ]
156 verbose linkMans tree-sitter-cli@0.17.1
157 silly gentlyRm /Users/Bfriedman/OSU/Capstone/tree-sitter-bogl/node_modules/.bin/tree-sitter is being purged
158 verbose gentlyRm don't care about contents; nuking /Users/Bfriedman/OSU/Capstone/tree-sitter-bogl/node_modules/.bin/tree-sitter
159 silly doSerial global-link 0
160 silly doParallel update-linked 0
161 silly doSerial install 1
162 silly install tree-sitter-cli@0.17.1 /Users/Bfriedman/OSU/Capstone/tree-sitter-bogl/node_modules/.staging/tree-sitter-cli-9e787d94
163 info lifecycle tree-sitter-cli@0.17.1~install: tree-sitter-cli@0.17.1
164 verbose lifecycle tree-sitter-cli@0.17.1~install: unsafe-perm in lifecycle true
165 verbose lifecycle tree-sitter-cli@0.17.1~install: PATH: /Users/Bfriedman/.nvm/versions/node/v6.11.1/lib/node_modules/npm/bin/node-gyp-bin:/Users/Bfriedman/OSU/Capstone/tree-sitter-bogl/node_modules/tree-sitter-cli/node_modules/.bin:/Users/Bfriedman/OSU/Capstone/tree-sitter-bogl/node_modules/.bin:/Users/Bfriedman/.gem/ruby/2.7.1/bin:/Users/Bfriedman/.rbenv/shims:/Users/Bfriedman/.local/bin:/Applications/SWI-Prolog.app/Contents/MacOS:/Users/Bfriedman/.jenv/shims:/Users/Bfriedman/.jenv/bin:/usr/local/Cellar/python/3.7.2_1/Frameworks/Python.framework/Versions/3.7/bin:/Users/Bfriedman/Library/Haskell/bin:/Users/Bfriedman/PostgreSQL/pg95/bin:/Users/Bfriedman/.rvm/gems/ruby-2.3.3/bin:/Users/Bfriedman/.rvm/gems/ruby-2.3.3@global/bin:/Users/Bfriedman/.rvm/rubies/ruby-2.3.3/bin:/Users/Bfriedman/.nvm/versions/node/v6.11.1/bin:/Users/Bfriedman/android-sdk-macosx/platform-tools:.:/Users/Bfriedman/android-sdk-macosx/tools:/Users/Bfriedman/phantomjs-2.1.1-macosx/bin:/usr/local/pngcrush:/usr/local/bin:/usr/bin:/bin:/usr/sbin:/sbin:/Applications/VMware Fusion.app/Contents/Public:/Library/TeX/texbin:/usr/local/share/dotnet:/opt/X11/bin:/Library/Frameworks/Mono.framework/Versions/Current/Commands:/Applications/Wireshark.app/Contents/MacOS:/Users/Bfriedman/OSU/Capstone/tree-sitter-bogl/node_modules/.bin/:/Users/Bfriedman/.rvm/bin
166 verbose lifecycle tree-sitter-cli@0.17.1~install: CWD: /Users/Bfriedman/OSU/Capstone/tree-sitter-bogl/node_modules/tree-sitter-cli
167 silly lifecycle tree-sitter-cli@0.17.1~install: Args: [ '-c', 'node install.js' ]
168 silly lifecycle tree-sitter-cli@0.17.1~install: Returned: code: 0  signal: null
169 silly doSerial postinstall 1
170 silly postinstall tree-sitter-cli@0.17.1 /Users/Bfriedman/OSU/Capstone/tree-sitter-bogl/node_modules/.staging/tree-sitter-cli-9e787d94
171 info lifecycle tree-sitter-cli@0.17.1~postinstall: tree-sitter-cli@0.17.1
172 silly lifecycle tree-sitter-cli@0.17.1~postinstall: no script for postinstall, continuing
173 verbose unlock done using /Users/Bfriedman/.npm/_locks/staging-e5ac7bf199de5645.lock for /Users/Bfriedman/OSU/Capstone/tree-sitter-bogl/node_modules/.staging
174 silly executeActions Finishing
175 silly rollbackFailedOptional Starting
176 silly rollbackFailedOptional Finishing
177 silly install runPostinstallTopLevelLifecycles
178 silly build tree-sitter-bogl@0.3.9
179 info linkStuff tree-sitter-bogl@0.3.9
180 silly linkStuff tree-sitter-bogl@0.3.9 has /Users/Bfriedman/OSU/Capstone as its parent node_modules
181 verbose linkBins tree-sitter-bogl@0.3.9
182 verbose linkMans tree-sitter-bogl@0.3.9
183 silly install tree-sitter-bogl@0.3.9 /Users/Bfriedman/OSU/Capstone/tree-sitter-bogl/tree-sitter-bogl-c6e39987
184 info lifecycle tree-sitter-bogl@0.3.9~install: tree-sitter-bogl@0.3.9
185 verbose lifecycle tree-sitter-bogl@0.3.9~install: unsafe-perm in lifecycle true
186 verbose lifecycle tree-sitter-bogl@0.3.9~install: PATH: /Users/Bfriedman/.nvm/versions/node/v6.11.1/lib/node_modules/npm/bin/node-gyp-bin:/Users/Bfriedman/OSU/Capstone/tree-sitter-bogl/node_modules/.bin:/Users/Bfriedman/.gem/ruby/2.7.1/bin:/Users/Bfriedman/.rbenv/shims:/Users/Bfriedman/.local/bin:/Applications/SWI-Prolog.app/Contents/MacOS:/Users/Bfriedman/.jenv/shims:/Users/Bfriedman/.jenv/bin:/usr/local/Cellar/python/3.7.2_1/Frameworks/Python.framework/Versions/3.7/bin:/Users/Bfriedman/Library/Haskell/bin:/Users/Bfriedman/PostgreSQL/pg95/bin:/Users/Bfriedman/.rvm/gems/ruby-2.3.3/bin:/Users/Bfriedman/.rvm/gems/ruby-2.3.3@global/bin:/Users/Bfriedman/.rvm/rubies/ruby-2.3.3/bin:/Users/Bfriedman/.nvm/versions/node/v6.11.1/bin:/Users/Bfriedman/android-sdk-macosx/platform-tools:.:/Users/Bfriedman/android-sdk-macosx/tools:/Users/Bfriedman/phantomjs-2.1.1-macosx/bin:/usr/local/pngcrush:/usr/local/bin:/usr/bin:/bin:/usr/sbin:/sbin:/Applications/VMware Fusion.app/Contents/Public:/Library/TeX/texbin:/usr/local/share/dotnet:/opt/X11/bin:/Library/Frameworks/Mono.framework/Versions/Current/Commands:/Applications/Wireshark.app/Contents/MacOS:/Users/Bfriedman/OSU/Capstone/tree-sitter-bogl/node_modules/.bin/:/Users/Bfriedman/.rvm/bin
187 verbose lifecycle tree-sitter-bogl@0.3.9~install: CWD: /Users/Bfriedman/OSU/Capstone/tree-sitter-bogl
188 silly lifecycle tree-sitter-bogl@0.3.9~install: Args: [ '-c', 'node-gyp rebuild' ]
189 silly lifecycle tree-sitter-bogl@0.3.9~install: Returned: code: 1  signal: null
190 info lifecycle tree-sitter-bogl@0.3.9~install: Failed to exec install script
191 verbose stack Error: tree-sitter-bogl@0.3.9 install: `node-gyp rebuild`
191 verbose stack Exit status 1
191 verbose stack     at EventEmitter.<anonymous> (/Users/Bfriedman/.nvm/versions/node/v6.11.1/lib/node_modules/npm/lib/utils/lifecycle.js:255:16)
191 verbose stack     at emitTwo (events.js:106:13)
191 verbose stack     at EventEmitter.emit (events.js:191:7)
191 verbose stack     at ChildProcess.<anonymous> (/Users/Bfriedman/.nvm/versions/node/v6.11.1/lib/node_modules/npm/lib/utils/spawn.js:40:14)
191 verbose stack     at emitTwo (events.js:106:13)
191 verbose stack     at ChildProcess.emit (events.js:191:7)
191 verbose stack     at maybeClose (internal/child_process.js:891:16)
191 verbose stack     at Process.ChildProcess._handle.onexit (internal/child_process.js:226:5)
192 verbose pkgid tree-sitter-bogl@0.3.9
193 verbose cwd /Users/Bfriedman/OSU/Capstone/tree-sitter-bogl
194 error Darwin 19.6.0
195 error argv "/Users/Bfriedman/.nvm/versions/node/v6.11.1/bin/node" "/Users/Bfriedman/.nvm/versions/node/v6.11.1/bin/npm" "install"
196 error node v6.11.1
197 error npm  v3.10.10
198 error code ELIFECYCLE
199 error tree-sitter-bogl@0.3.9 install: `node-gyp rebuild`
199 error Exit status 1
200 error Failed at the tree-sitter-bogl@0.3.9 install script 'node-gyp rebuild'.
200 error Make sure you have the latest version of node.js and npm installed.
200 error If you do, this is most likely a problem with the tree-sitter-bogl package,
200 error not with npm itself.
200 error Tell the author that this fails on your system:
200 error     node-gyp rebuild
200 error You can get information on how to open an issue for this project with:
200 error     npm bugs tree-sitter-bogl
200 error Or if that isn't available, you can get their info via:
200 error     npm owner ls tree-sitter-bogl
200 error There is likely additional logging output above.
201 verbose exit [ 1, true ]
